<?xml version="1.0" encoding="utf-8"?><testsuites><testsuite name="pytest" errors="0" failures="0" skipped="0" tests="15" time="0.048" timestamp="2024-07-27T17:31:29.920157+04:00" hostname="DESKTOP-V6N82FL"><testcase classname="TestBooksCollector" name="test_add_new_book" time="0.001" /><testcase classname="TestBooksCollector" name="test_add_new_book_with_invalid_name" time="0.001" /><testcase classname="TestBooksCollector" name="test_set_book_genre[Book1-\u0424\u0430\u043d\u0442\u0430\u0441\u0442\u0438\u043a\u0430]" time="0.000" /><testcase classname="TestBooksCollector" name="test_set_book_genre[Book2-\u0423\u0436\u0430\u0441\u044b]" time="0.001" /><testcase classname="TestBooksCollector" name="test_set_book_genre[Book3-\u0414\u0435\u0442\u0435\u043a\u0442\u0438\u0432\u044b]" time="0.000" /><testcase classname="TestBooksCollector" name="test_set_invalid_book_genre" time="0.000" /><testcase classname="TestBooksCollector" name="test_get_book_genre" time="0.000" /><testcase classname="TestBooksCollector" name="test_get_books_with_specific_genre[\u0424\u0430\u043d\u0442\u0430\u0441\u0442\u0438\u043a\u0430-expected_books0]" time="0.000" /><testcase classname="TestBooksCollector" name="test_get_books_with_specific_genre[\u0423\u0436\u0430\u0441\u044b-expected_books1]" time="0.000" /><testcase classname="TestBooksCollector" name="test_get_books_with_specific_genre[\u0414\u0435\u0442\u0435\u043a\u0442\u0438\u0432\u044b-expected_books2]" time="0.000" /><testcase classname="TestBooksCollector" name="test_get_books_genre" time="0.000" /><testcase classname="TestBooksCollector" name="test_get_books_for_children" time="0.000" /><testcase classname="TestBooksCollector" name="test_add_book_in_favorites" time="0.001" /><testcase classname="TestBooksCollector" name="test_delete_book_from_favorites" time="0.000" /><testcase classname="TestBooksCollector" name="test_get_list_of_favorites_books" time="0.000" /></testsuite></testsuites>